<?xml version="1.0" ?>
<coverage version="7.10.7" timestamp="1759145458528" lines-valid="102" lines-covered="90" line-rate="0.8824" branches-covered="0" branches-valid="0" branch-rate="0" complexity="0">
	<!-- Generated by coverage.py: https://coverage.readthedocs.io/en/7.10.7 -->
	<!-- Based on https://raw.githubusercontent.com/cobertura/web/master/htdocs/xml/coverage-04.dtd -->
	<sources>
		<source>/workspaces/moodtunes-pwa</source>
	</sources>
	<packages>
		<package name="." line-rate="0.8824" branch-rate="0" complexity="0">
			<classes>
				<class name="app.py" filename="app.py" complexity="0" line-rate="0.8824" branch-rate="0">
					<methods/>
					<lines>
						<line number="27" hits="1"/>
						<line number="28" hits="1"/>
						<line number="29" hits="1"/>
						<line number="30" hits="1"/>
						<line number="36" hits="1"/>
						<line number="37" hits="1"/>
						<line number="38" hits="1"/>
						<line number="46" hits="1"/>
						<line number="50" hits="1"/>
						<line number="54" hits="1"/>
						<line number="55" hits="1"/>
						<line number="56" hits="1"/>
						<line number="60" hits="1"/>
						<line number="73" hits="1"/>
						<line number="102" hits="1"/>
						<line number="125" hits="1"/>
						<line number="143" hits="1"/>
						<line number="146" hits="1"/>
						<line number="147" hits="1"/>
						<line number="150" hits="1"/>
						<line number="151" hits="1"/>
						<line number="154" hits="1"/>
						<line number="155" hits="1"/>
						<line number="158" hits="1"/>
						<line number="159" hits="1"/>
						<line number="162" hits="1"/>
						<line number="163" hits="1"/>
						<line number="166" hits="1"/>
						<line number="167" hits="1"/>
						<line number="171" hits="1"/>
						<line number="174" hits="1"/>
						<line number="200" hits="1"/>
						<line number="220" hits="1"/>
						<line number="240" hits="1"/>
						<line number="252" hits="1"/>
						<line number="253" hits="1"/>
						<line number="274" hits="1"/>
						<line number="278" hits="1"/>
						<line number="282" hits="1"/>
						<line number="293" hits="1"/>
						<line number="296" hits="1"/>
						<line number="297" hits="1"/>
						<line number="328" hits="1"/>
						<line number="331" hits="1"/>
						<line number="334" hits="1"/>
						<line number="335" hits="1"/>
						<line number="336" hits="1"/>
						<line number="339" hits="1"/>
						<line number="340" hits="1"/>
						<line number="341" hits="1"/>
						<line number="345" hits="1"/>
						<line number="349" hits="1"/>
						<line number="352" hits="1"/>
						<line number="356" hits="1"/>
						<line number="359" hits="1"/>
						<line number="360" hits="0"/>
						<line number="363" hits="1"/>
						<line number="366" hits="1"/>
						<line number="369" hits="1"/>
						<line number="372" hits="1"/>
						<line number="380" hits="0"/>
						<line number="382" hits="0"/>
						<line number="383" hits="0"/>
						<line number="387" hits="1"/>
						<line number="481" hits="1"/>
						<line number="482" hits="1"/>
						<line number="523" hits="1"/>
						<line number="526" hits="1"/>
						<line number="529" hits="1"/>
						<line number="530" hits="1"/>
						<line number="533" hits="1"/>
						<line number="534" hits="1"/>
						<line number="538" hits="1"/>
						<line number="541" hits="1"/>
						<line number="543" hits="1"/>
						<line number="547" hits="1"/>
						<line number="557" hits="1"/>
						<line number="559" hits="1"/>
						<line number="560" hits="1"/>
						<line number="563" hits="1"/>
						<line number="573" hits="1"/>
						<line number="577" hits="1"/>
						<line number="581" hits="1"/>
						<line number="590" hits="0"/>
						<line number="593" hits="0"/>
						<line number="594" hits="0"/>
						<line number="602" hits="1"/>
						<line number="603" hits="1"/>
						<line number="619" hits="0"/>
						<line number="622" hits="1"/>
						<line number="623" hits="1"/>
						<line number="644" hits="1"/>
						<line number="647" hits="1"/>
						<line number="650" hits="1"/>
						<line number="653" hits="1"/>
						<line number="655" hits="1"/>
						<line number="658" hits="1"/>
						<line number="659" hits="1"/>
						<line number="676" hits="0"/>
						<line number="679" hits="0"/>
						<line number="682" hits="0"/>
						<line number="684" hits="0"/>
					</lines>
				</class>
			</classes>
		</package>
	</packages>
</coverage>
